2018-10-07 05:39:29,944 {'train_h5': 'data/train.h5', 'val_h5': 'data/val.h5', 'test_h5': 'data/test.h5', 'data_json': 'data/data.json', 'vocab_json': 'data/vocab.json', 'target_obj_conn_map_dir': 'data/target-obj-conn-maps/500', 'map_resolution': 500, 'mode': 'train+eval', 'eval_split': 'val', 'model_type': 'pacman', 'max_episode_length': 100, 'curriculum': 0, 'batch_size': 20, 'learning_rate': 0.001, 'max_epochs': 1000, 'overfit': False, 'print_every': 5, 'eval_every': 1, 'save_every': 1000, 'identifier': 'pacman', 'num_processes': 1, 'max_threads_per_gpu': 10, 'checkpoint_path': False, 'checkpoint_dir': 'checkpoints/05_06/nav/10_07_05:39_pacman', 'log_dir': 'logs/05_06/nav/10_07_05:39_pacman', 'to_log': 1, 'to_cache': False, 'max_controller_actions': 5, 'max_actions': None, 'time_id': '10_07_05:39', 'gpus': [0]}
2018-10-07 05:42:11,272 EVAL: eval_loader has 128 samples
2018-10-07 05:42:23,800 TRAIN: train loader has 110 samples
2018-10-07 05:42:36,249 TRAINING PACMAN planner-loss: 1.390701 controller-loss: 0.695189
2018-10-07 05:42:36,879 TRAIN: [CHECK][Cache:0][Total:6912]
2018-10-07 05:42:49,128 TRAINING PACMAN planner-loss: 1.150326 controller-loss: 0.598745
2018-10-07 05:42:49,684 TRAIN: [CHECK][Cache:0][Total:6912]
2018-10-07 05:43:01,594 TRAINING PACMAN planner-loss: 1.051386 controller-loss: 0.571623
2018-10-07 05:43:02,062 TRAIN: [CHECK][Cache:0][Total:6912]
2018-10-07 05:43:13,903 TRAINING PACMAN planner-loss: 1.014020 controller-loss: 0.583562
2018-10-07 05:43:14,315 TRAIN: [CHECK][Cache:0][Total:6912]
2018-10-07 05:43:22,940 TRAINING PACMAN planner-loss: 0.969294 controller-loss: 0.566642
2018-10-07 05:43:23,318 TRAIN: metrics: [split:train][thread:1][iters:5][planner_loss:1.32612][controller_loss:0.67375]
2018-10-07 05:43:23,318 TRAIN: [CHECK][Cache:0][Total:6912]
2018-10-07 05:43:27,827 TRAINING PACMAN planner-loss: 0.905099 controller-loss: 0.586192
2018-10-07 05:43:28,171 TRAIN: [CHECK][Cache:0][Total:6912]
2018-10-07 05:46:45,099 TRAINING PACMAN planner-loss: 0.934528 controller-loss: 0.612712
2018-10-07 05:46:45,795 TRAIN: [CHECK][Cache:0][Total:6912]
2018-10-07 05:47:03,026 TRAINING PACMAN planner-loss: 0.924355 controller-loss: 0.597044
2018-10-07 05:47:03,687 TRAIN: [CHECK][Cache:0][Total:6912]
2018-10-07 05:47:21,230 TRAINING PACMAN planner-loss: 0.894699 controller-loss: 0.604122
2018-10-07 05:47:21,915 TRAIN: [CHECK][Cache:0][Total:6912]
2018-10-07 05:47:40,050 TRAINING PACMAN planner-loss: 0.846532 controller-loss: 0.587149
2018-10-07 05:47:40,534 TRAIN: metrics: [split:train][thread:1][iters:10][planner_loss:1.22959][controller_loss:0.65647]
2018-10-07 05:47:40,535 TRAIN: [CHECK][Cache:0][Total:6912]
2018-10-07 05:48:01,946 TRAINING PACMAN planner-loss: 0.836835 controller-loss: 0.598275
2018-10-07 05:48:02,503 TRAIN: [CHECK][Cache:0][Total:6912]
2018-10-07 05:48:19,966 TRAINING PACMAN planner-loss: 0.801838 controller-loss: 0.614468
2018-10-07 05:48:20,413 TRAIN: [CHECK][Cache:0][Total:6912]
2018-10-07 05:48:24,874 TRAINING PACMAN planner-loss: 0.781728 controller-loss: 0.629550
2018-10-07 05:48:25,323 TRAIN: [CHECK][Cache:0][Total:6912]
2018-10-07 05:50:30,046 TRAINING PACMAN planner-loss: 0.770588 controller-loss: 0.612361
2018-10-07 05:50:30,289 TRAIN: [CHECK][Cache:0][Total:6912]
2018-10-07 05:50:40,624 TRAINING PACMAN planner-loss: 0.773564 controller-loss: 0.634426
2018-10-07 05:50:40,896 TRAIN: metrics: [split:train][thread:1][iters:15][planner_loss:1.13044][controller_loss:0.64789]
2018-10-07 05:50:40,897 TRAIN: [CHECK][Cache:0][Total:6912]
2018-10-07 05:50:55,630 TRAINING PACMAN planner-loss: 0.761104 controller-loss: 0.625995
2018-10-07 05:50:56,103 TRAIN: [CHECK][Cache:0][Total:6912]
2018-10-07 05:51:13,836 TRAINING PACMAN planner-loss: 0.770334 controller-loss: 0.631444
2018-10-07 05:51:14,375 TRAIN: [CHECK][Cache:0][Total:6912]
2018-10-07 05:51:31,839 TRAINING PACMAN planner-loss: 0.812991 controller-loss: 0.623280
2018-10-07 05:51:32,473 TRAIN: [CHECK][Cache:0][Total:6912]
2018-10-07 05:51:45,013 TRAINING PACMAN planner-loss: 0.798138 controller-loss: 0.618530
2018-10-07 05:51:45,475 TRAIN: [CHECK][Cache:0][Total:6912]
